Determining if the pthread_create exist failed with the following output:
Change Dir: /home/ikhatri/Documents/CS403/kinetic_ws/turtlebot_tag/build/CMakeFiles/CMakeTmp

Run Build Command:"/usr/bin/make" "cmTC_38415/fast"
make[1]: Entering directory '/home/ikhatri/Documents/CS403/kinetic_ws/turtlebot_tag/build/CMakeFiles/CMakeTmp'
/usr/bin/make -f CMakeFiles/cmTC_38415.dir/build.make CMakeFiles/cmTC_38415.dir/build
make[2]: Entering directory '/home/ikhatri/Documents/CS403/kinetic_ws/turtlebot_tag/build/CMakeFiles/CMakeTmp'
Building C object CMakeFiles/cmTC_38415.dir/CheckSymbolExists.c.o
/usr/bin/cc     -o CMakeFiles/cmTC_38415.dir/CheckSymbolExists.c.o   -c /home/ikhatri/Documents/CS403/kinetic_ws/turtlebot_tag/build/CMakeFiles/CMakeTmp/CheckSymbolExists.c
Linking C executable cmTC_38415
/usr/bin/cmake -E cmake_link_script CMakeFiles/cmTC_38415.dir/link.txt --verbose=1
/usr/bin/cc       CMakeFiles/cmTC_38415.dir/CheckSymbolExists.c.o  -o cmTC_38415 -rdynamic 
CMakeFiles/cmTC_38415.dir/CheckSymbolExists.c.o: In function `main':
CheckSymbolExists.c:(.text+0x16): undefined reference to `pthread_create'
collect2: error: ld returned 1 exit status
CMakeFiles/cmTC_38415.dir/build.make:97: recipe for target 'cmTC_38415' failed
make[2]: *** [cmTC_38415] Error 1
make[2]: Leaving directory '/home/ikhatri/Documents/CS403/kinetic_ws/turtlebot_tag/build/CMakeFiles/CMakeTmp'
Makefile:126: recipe for target 'cmTC_38415/fast' failed
make[1]: *** [cmTC_38415/fast] Error 2
make[1]: Leaving directory '/home/ikhatri/Documents/CS403/kinetic_ws/turtlebot_tag/build/CMakeFiles/CMakeTmp'

File /home/ikhatri/Documents/CS403/kinetic_ws/turtlebot_tag/build/CMakeFiles/CMakeTmp/CheckSymbolExists.c:
/* */
#include <pthread.h>

int main(int argc, char** argv)
{
  (void)argv;
#ifndef pthread_create
  return ((int*)(&pthread_create))[argc];
#else
  (void)argc;
  return 0;
#endif
}

Determining if the function pthread_create exists in the pthreads failed with the following output:
Change Dir: /home/ikhatri/Documents/CS403/kinetic_ws/turtlebot_tag/build/CMakeFiles/CMakeTmp

Run Build Command:"/usr/bin/make" "cmTC_abd39/fast"
make[1]: Entering directory '/home/ikhatri/Documents/CS403/kinetic_ws/turtlebot_tag/build/CMakeFiles/CMakeTmp'
/usr/bin/make -f CMakeFiles/cmTC_abd39.dir/build.make CMakeFiles/cmTC_abd39.dir/build
make[2]: Entering directory '/home/ikhatri/Documents/CS403/kinetic_ws/turtlebot_tag/build/CMakeFiles/CMakeTmp'
Building C object CMakeFiles/cmTC_abd39.dir/CheckFunctionExists.c.o
/usr/bin/cc    -DCHECK_FUNCTION_EXISTS=pthread_create   -o CMakeFiles/cmTC_abd39.dir/CheckFunctionExists.c.o   -c /usr/share/cmake-3.5/Modules/CheckFunctionExists.c
Linking C executable cmTC_abd39
/usr/bin/cmake -E cmake_link_script CMakeFiles/cmTC_abd39.dir/link.txt --verbose=1
/usr/bin/cc   -DCHECK_FUNCTION_EXISTS=pthread_create    CMakeFiles/cmTC_abd39.dir/CheckFunctionExists.c.o  -o cmTC_abd39 -rdynamic -lpthreads 
/usr/bin/ld: cannot find -lpthreads
collect2: error: ld returned 1 exit status
CMakeFiles/cmTC_abd39.dir/build.make:97: recipe for target 'cmTC_abd39' failed
make[2]: *** [cmTC_abd39] Error 1
make[2]: Leaving directory '/home/ikhatri/Documents/CS403/kinetic_ws/turtlebot_tag/build/CMakeFiles/CMakeTmp'
Makefile:126: recipe for target 'cmTC_abd39/fast' failed
make[1]: *** [cmTC_abd39/fast] Error 2
make[1]: Leaving directory '/home/ikhatri/Documents/CS403/kinetic_ws/turtlebot_tag/build/CMakeFiles/CMakeTmp'


